TN:
SF:src\app.js
FN:26,(anonymous_0)
FN:35,(anonymous_1)
FN:38,(anonymous_2)
FN:39,(anonymous_3)
FN:42,(anonymous_4)
FNF:5
FNH:0
FNDA:0,(anonymous_0)
FNDA:0,(anonymous_1)
FNDA:0,(anonymous_2)
FNDA:0,(anonymous_3)
FNDA:0,(anonymous_4)
DA:1,0
DA:3,0
DA:4,0
DA:5,0
DA:6,0
DA:7,0
DA:9,0
DA:10,0
DA:12,0
DA:13,0
DA:15,0
DA:16,0
DA:18,0
DA:19,0
DA:21,0
DA:22,0
DA:23,0
DA:26,0
DA:27,0
DA:34,0
DA:36,0
DA:39,0
DA:40,0
DA:44,0
LF:24
LH:0
BRF:0
BRH:0
end_of_record
TN:
SF:src\controllers\courseController.js
FN:4,(anonymous_0)
FN:26,(anonymous_1)
FN:51,(anonymous_2)
FNF:3
FNH:3
FNDA:6,(anonymous_0)
FNDA:5,(anonymous_1)
FNDA:6,(anonymous_2)
DA:2,3
DA:4,3
DA:5,6
DA:6,6
DA:7,6
DA:9,3
DA:15,3
DA:19,3
DA:26,3
DA:27,5
DA:29,5
DA:30,4
DA:31,1
DA:34,3
DA:40,2
DA:44,2
DA:51,3
DA:52,6
DA:53,6
DA:54,6
DA:56,4
DA:58,3
DA:64,3
DA:68,3
DA:75,3
LF:25
LH:25
BRDA:30,0,0,1
BRDA:30,0,1,3
BRDA:30,1,0,4
BRDA:30,1,1,4
BRDA:56,2,0,1
BRDA:56,2,1,3
BRF:6
BRH:6
end_of_record
TN:
SF:src\controllers\userController.js
FN:5,(anonymous_0)
FN:40,(anonymous_1)
FNF:2
FNH:2
FNDA:9,(anonymous_0)
FNDA:9,(anonymous_1)
DA:1,3
DA:2,3
DA:3,3
DA:5,3
DA:6,9
DA:7,9
DA:10,9
DA:11,2
DA:14,7
DA:19,7
DA:25,7
DA:31,2
DA:32,2
DA:40,3
DA:41,9
DA:42,9
DA:45,9
DA:46,1
DA:49,8
DA:51,8
DA:52,2
DA:55,6
DA:57,6
DA:58,2
DA:61,4
DA:67,3
DA:69,3
DA:75,6
DA:76,6
DA:83,3
LF:30
LH:30
BRDA:10,0,0,2
BRDA:10,0,1,7
BRDA:10,1,0,9
BRDA:10,1,1,7
BRDA:10,1,2,7
BRDA:45,2,0,1
BRDA:45,2,1,8
BRDA:45,3,0,9
BRDA:45,3,1,8
BRDA:51,4,0,2
BRDA:51,4,1,6
BRDA:57,5,0,2
BRDA:57,5,1,4
BRF:13
BRH:13
end_of_record
TN:
SF:src\middlewares\authMiddleware.js
FN:4,(anonymous_0)
FNF:1
FNH:1
FNDA:8,(anonymous_0)
DA:1,3
DA:2,3
DA:4,3
DA:5,8
DA:6,8
DA:8,8
DA:9,2
DA:12,6
DA:14,5
DA:16,5
DA:17,1
DA:20,4
DA:21,4
DA:24,2
DA:28,3
LF:15
LH:15
BRDA:8,0,0,2
BRDA:8,0,1,6
BRDA:16,1,0,1
BRDA:16,1,1,4
BRF:4
BRH:4
end_of_record
TN:
SF:src\middlewares\loggerMiddleware.js
FN:1,(anonymous_0)
FNF:1
FNH:0
FNDA:0,(anonymous_0)
DA:1,0
DA:2,0
DA:3,0
DA:6,0
LF:4
LH:0
BRF:0
BRH:0
end_of_record
TN:
SF:src\models\courseModel.js
FNF:0
FNH:0
DA:2,3
DA:4,3
DA:39,3
LF:3
LH:3
BRF:0
BRH:0
end_of_record
TN:
SF:src\models\coursesModel.js
FNF:0
FNH:0
DA:2,0
DA:32,0
LF:2
LH:0
BRF:0
BRH:0
end_of_record
TN:
SF:src\models\userModel.js
FN:28,(anonymous_0)
FNF:1
FNH:1
FNDA:3,(anonymous_0)
DA:1,4
DA:2,4
DA:5,4
DA:28,4
DA:29,3
DA:30,3
DA:32,3
DA:34,3
DA:37,4
LF:9
LH:9
BRF:0
BRH:0
end_of_record
TN:
SF:src\routes\courseRoute.js
FNF:0
FNH:0
DA:1,2
DA:2,2
DA:3,2
DA:4,2
DA:6,2
DA:9,2
DA:10,2
DA:11,2
DA:13,2
LF:9
LH:9
BRF:0
BRH:0
end_of_record
TN:
SF:src\routes\userRoute.js
FNF:0
FNH:0
DA:1,2
DA:2,2
DA:3,2
DA:6,2
DA:8,2
DA:9,2
DA:11,2
LF:7
LH:7
BRF:0
BRH:0
end_of_record
